<?xml version="1.0" encoding="UTF-8"?>
<!-- Generated by org.testng.reporters.JUnitReportReporter -->
<testsuite hostname="DESKTOP-APPKAR0" failures="0" tests="7" name="org.wikitests.searchtests.SearchTest" time="29.380" errors="0" timestamp="2025-06-27T00:57:06 GMT+04:00" skipped="0">
  <testcase classname="org.wikitests.searchtests.SearchTest" name="testClickSuggestionNavigatesToPage" time="3.058"/>
  <testcase classname="org.wikitests.searchtests.SearchTest" name="testNoBoldSuggestionsIfInvalidQuery" time="2.497"/>
  <testcase classname="org.wikitests.searchtests.SearchTest" name="testSearchContainingPages" time="3.935"/>
  <testcase classname="org.wikitests.searchtests.SearchTest" name="testBoldSuggestions" time="2.820"/>
  <testcase classname="org.wikitests.searchtests.SearchTest" name="testNoSuggestionsIfInvalidQuery" time="11.993"/>
  <testcase classname="org.wikitests.searchtests.SearchTest" name="testSearchButtonFirstSuggestion" time="2.316"/>
  <testcase classname="org.wikitests.searchtests.SearchTest" name="testSearchButtonNoSuggestions" time="2.761"/>
</testsuite> <!-- org.wikitests.searchtests.SearchTest -->
