<?xml version="1.0" encoding="UTF-8"?>
<!-- Generated by org.testng.reporters.JUnitReportReporter -->
<testsuite hostname="DESKTOP-APPKAR0" failures="0" tests="7" name="org.wikitests.searchtests.SearchTest" time="27.999" errors="0" timestamp="2025-07-02T00:50:11 GMT+04:00" skipped="0">
  <testcase classname="org.wikitests.searchtests.SearchTest" name="testBoldSuggestions" time="2.277"/>
  <testcase classname="org.wikitests.searchtests.SearchTest" name="testSearchContainingPages" time="3.500"/>
  <testcase classname="org.wikitests.searchtests.SearchTest" name="testClickSuggestionNavigatesToPage" time="3.270"/>
  <testcase classname="org.wikitests.searchtests.SearchTest" name="testNoSuggestionsIfInvalidQuery" time="11.699"/>
  <testcase classname="org.wikitests.searchtests.SearchTest" name="testSearchButtonFirstSuggestion" time="2.333"/>
  <testcase classname="org.wikitests.searchtests.SearchTest" name="testNoBoldSuggestionsIfInvalidQuery" time="2.258"/>
  <testcase classname="org.wikitests.searchtests.SearchTest" name="testSearchButtonNoSuggestions" time="2.662"/>
</testsuite> <!-- org.wikitests.searchtests.SearchTest -->
