<?xml version="1.0" encoding="UTF-8"?>
<!-- Generated by org.testng.reporters.JUnitReportReporter -->
<testsuite hostname="DESKTOP-APPKAR0" failures="0" tests="7" name="org.wikitests.searchtests.SearchTest" time="40.896" errors="0" timestamp="2025-06-27T21:53:03 GMT+04:00" skipped="0">
  <testcase classname="org.wikitests.searchtests.SearchTest" name="testSearchContainingPages" time="3.697"/>
  <testcase classname="org.wikitests.searchtests.SearchTest" name="testSearchButtonNoSuggestions" time="2.793"/>
  <testcase classname="org.wikitests.searchtests.SearchTest" name="testNoBoldSuggestionsIfInvalidQuery" time="2.445"/>
  <testcase classname="org.wikitests.searchtests.SearchTest" name="testClickSuggestionNavigatesToPage" time="4.640"/>
  <testcase classname="org.wikitests.searchtests.SearchTest" name="testBoldSuggestions" time="2.479"/>
  <testcase classname="org.wikitests.searchtests.SearchTest" name="testSearchButtonFirstSuggestion" time="2.428"/>
  <testcase classname="org.wikitests.searchtests.SearchTest" name="testNoSuggestionsIfInvalidQuery" time="22.414"/>
</testsuite> <!-- org.wikitests.searchtests.SearchTest -->
