<?xml version="1.0" encoding="UTF-8"?>
<!-- Generated by org.testng.reporters.JUnitReportReporter -->
<testsuite hostname="DESKTOP-APPKAR0" failures="0" tests="7" name="org.wikitests.searchtests.SearchTest" time="28.814" errors="0" timestamp="2025-06-27T22:22:13 GMT+04:00" skipped="0">
  <testcase classname="org.wikitests.searchtests.SearchTest" name="testBoldSuggestions" time="2.347"/>
  <testcase classname="org.wikitests.searchtests.SearchTest" name="testSearchButtonFirstSuggestion" time="2.368"/>
  <testcase classname="org.wikitests.searchtests.SearchTest" name="testClickSuggestionNavigatesToPage" time="3.285"/>
  <testcase classname="org.wikitests.searchtests.SearchTest" name="testSearchContainingPages" time="3.701"/>
  <testcase classname="org.wikitests.searchtests.SearchTest" name="testSearchButtonNoSuggestions" time="2.733"/>
  <testcase classname="org.wikitests.searchtests.SearchTest" name="testNoSuggestionsIfInvalidQuery" time="11.773"/>
  <testcase classname="org.wikitests.searchtests.SearchTest" name="testNoBoldSuggestionsIfInvalidQuery" time="2.607"/>
</testsuite> <!-- org.wikitests.searchtests.SearchTest -->
