<?xml version="1.0" encoding="UTF-8"?>
<!-- Generated by org.testng.reporters.JUnitReportReporter -->
<testsuite hostname="DESKTOP-APPKAR0" failures="0" tests="1" name="org.wikitests.searchtests.SearchTest" time="3.009" errors="0" timestamp="2025-06-26T23:07:22 GMT+04:00" skipped="0">
  <testcase classname="org.wikitests.searchtests.SearchTest" name="test" time="3.009"/>
</testsuite> <!-- org.wikitests.searchtests.SearchTest -->
