<?xml version="1.0" encoding="UTF-8"?>
<!-- Generated by org.testng.reporters.JUnitReportReporter -->
<testsuite hostname="DESKTOP-APPKAR0" failures="0" tests="1" name="org.wikitests.searchtests.SearchTest" time="5.251" errors="0" timestamp="2025-06-27T01:53:18 GMT+04:00" skipped="0">
  <testcase classname="org.wikitests.searchtests.SearchTest" name="testBoldSuggestions" time="5.251"/>
</testsuite> <!-- org.wikitests.searchtests.SearchTest -->
